<?xml version="1.0" encoding="UTF-8"?>
<testng-results skipped="0" failed="0" ignored="0" total="1" passed="1">
  <reporter-output>
  </reporter-output>
  <suite name="Default suite" duration-ms="351" started-at="2019-09-10T23:33:54 EDT" finished-at="2019-09-10T23:33:55 EDT">
    <groups>
      <group name="cucumber">
        <method signature="AbstractTestNGCucumberTests.feature(cucumber.api.testng.CucumberFeatureWrapper)[pri:0, instance:cucumberOptions.TestRuner2@35d176f7]" name="feature" class="cucumber.api.testng.AbstractTestNGCucumberTests"/>
      </group> <!-- cucumber -->
    </groups>
    <test name="Default test" duration-ms="351" started-at="2019-09-10T23:33:54 EDT" finished-at="2019-09-10T23:33:55 EDT">
      <class name="cucumberOptions.TestRuner2">
        <test-method status="PASS" signature="setUpClass()[pri:0, instance:cucumberOptions.TestRuner2@35d176f7]" name="setUpClass" is-config="true" duration-ms="158" started-at="2019-09-10T23:33:54 EDT" finished-at="2019-09-10T23:33:54 EDT">
          <reporter-output>
          </reporter-output>
        </test-method> <!-- setUpClass -->
        <test-method status="PASS" signature="feature(cucumber.api.testng.CucumberFeatureWrapper)[pri:0, instance:cucumberOptions.TestRuner2@35d176f7]" name="feature" duration-ms="32" started-at="2019-09-10T23:33:55 EDT" description="Runs Cucumber Feature" data-provider="features" finished-at="2019-09-10T23:33:55 EDT">
          <params>
            <param index="0">
              <value>
                <![CDATA[Search and place order for Vegetables]]>
              </value>
            </param>
          </params>
          <reporter-output>
          </reporter-output>
        </test-method> <!-- feature -->
        <test-method status="PASS" signature="tearDownClass()[pri:0, instance:cucumberOptions.TestRuner2@35d176f7]" name="tearDownClass" is-config="true" duration-ms="88" started-at="2019-09-10T23:33:55 EDT" finished-at="2019-09-10T23:33:55 EDT">
          <reporter-output>
          </reporter-output>
        </test-method> <!-- tearDownClass -->
      </class> <!-- cucumberOptions.TestRuner2 -->
    </test> <!-- Default test -->
  </suite> <!-- Default suite -->
</testng-results>
